Arguments: 
  C:\Program Files\nodejs\node.exe C:\Program Files (x86)\Yarn\bin\yarn.js add socket.io

PATH: 
  C:\Program Files\Git\mingw64\bin;C:\Program Files\Git\usr\bin;C:\Users\jyv\bin;C:\Program Files\Docker\Docker\Resources\bin;C:\Program Files (x86)\Common Files\Oracle\Java\javapath;C:\WINDOWS\system32;C:\WINDOWS;C:\WINDOWS\System32\Wbem;C:\WINDOWS\System32\WindowsPowerShell\v1.0;C:\WINDOWS\System32\OpenSSH;C:\Program Files\Git\cmd;C:\apache-maven\bin;C:\Program Files (x86)\Yarn\bin;C:\Program Files\nodejs;C:\Users\JYV\AppData\Local\Android\Sdk\platform-tools;C:\Program Files (x86)\Microsoft Emulator Manager\1.0;C:\Program Files\Java\jdk1.8.0_201\bin;C:\Ruby26-x64\bin;C:\Users\jyv\AppData\Local\Microsoft\WindowsApps;C:\Users\jyv\AppData\Local\Programs\Microsoft VS Code\bin;C:\Users\jyv\AppData\Roaming\npm

Yarn version: 
  1.12.3

Node version: 
  10.15.3

Platform: 
  win32 x64

Trace: 
  SyntaxError: C:\Users\jyv\Documents\socket.io\package.json: Unexpected end of JSON input
      at JSON.parse (<anonymous>)
      at C:\Program Files (x86)\Yarn\lib\cli.js:1631:59
      at Generator.next (<anonymous>)
      at step (C:\Program Files (x86)\Yarn\lib\cli.js:304:30)
      at C:\Program Files (x86)\Yarn\lib\cli.js:315:13

npm manifest: 
  

yarn manifest: 
  No manifest

Lockfile: 
  No lockfile
